This is pdfTeX, Version 3.14159265-2.6-1.40.17 (MiKTeX 2.9) (preloaded format=pdflatex 2016.6.23)  19 SEP 2016 17:52
entering extended mode
**./bachelor.tex
(bachelor.tex
LaTeX2e <2016/03/31>
Babel <3.9r> and hyphenation patterns for 75 language(s) loaded.
("C:\Program Files (x86)\MiKTeX 2.9\tex\latex\base\book.cls"
Document Class: book 2014/09/29 v1.4h Standard LaTeX document class
("C:\Program Files (x86)\MiKTeX 2.9\tex\latex\base\bk11.clo"
File: bk11.clo 2014/09/29 v1.4h Standard LaTeX file (size option)
)
\c@part=\count79
\c@chapter=\count80
\c@section=\count81
\c@subsection=\count82
\c@subsubsection=\count83
\c@paragraph=\count84
\c@subparagraph=\count85
\c@figure=\count86
\c@table=\count87
\abovecaptionskip=\skip41
\belowcaptionskip=\skip42
\bibindent=\dimen102
)
("C:\Program Files (x86)\MiKTeX 2.9\tex\latex\graphics\graphicx.sty"
Package: graphicx 2014/10/28 v1.0g Enhanced LaTeX Graphics (DPC,SPQR)

("C:\Program Files (x86)\MiKTeX 2.9\tex\latex\graphics\keyval.sty"
Package: keyval 2014/10/28 v1.15 key=value parser (DPC)
\KV@toks@=\toks14
)
("C:\Program Files (x86)\MiKTeX 2.9\tex\latex\graphics\graphics.sty"
Package: graphics 2016/05/09 v1.0r Standard LaTeX Graphics (DPC,SPQR)

("C:\Program Files (x86)\MiKTeX 2.9\tex\latex\graphics\trig.sty"
Package: trig 2016/01/03 v1.10 sin cos tan (DPC)
)
("C:\Program Files (x86)\MiKTeX 2.9\tex\latex\00miktex\graphics.cfg"
File: graphics.cfg 2016/01/02 v1.10 sample graphics configuration
)
Package graphics Info: Driver file: pdftex.def on input line 96.

("C:\Program Files (x86)\MiKTeX 2.9\tex\latex\pdftex-def\pdftex.def"
File: pdftex.def 2011/05/27 v0.06d Graphics/color for pdfTeX

("C:\Program Files (x86)\MiKTeX 2.9\tex\generic\oberdiek\infwarerr.sty"
Package: infwarerr 2016/05/16 v1.4 Providing info/warning/error messages (HO)
)
("C:\Program Files (x86)\MiKTeX 2.9\tex\generic\oberdiek\ltxcmds.sty"
Package: ltxcmds 2016/05/16 v1.23 LaTeX kernel commands for general use (HO)
)
\Gread@gobject=\count88
))
\Gin@req@height=\dimen103
\Gin@req@width=\dimen104
)
("C:\Program Files (x86)\MiKTeX 2.9\tex\latex\booktabs\booktabs.sty"
Package: booktabs 2005/04/14 v1.61803 publication quality tables
\heavyrulewidth=\dimen105
\lightrulewidth=\dimen106
\cmidrulewidth=\dimen107
\belowrulesep=\dimen108
\belowbottomsep=\dimen109
\aboverulesep=\dimen110
\abovetopsep=\dimen111
\cmidrulesep=\dimen112
\cmidrulekern=\dimen113
\defaultaddspace=\dimen114
\@cmidla=\count89
\@cmidlb=\count90
\@aboverulesep=\dimen115
\@belowrulesep=\dimen116
\@thisruleclass=\count91
\@lastruleclass=\count92
\@thisrulewidth=\dimen117
)
("C:\Program Files (x86)\MiKTeX 2.9\tex\latex\chngcntr\chngcntr.sty"
Package: chngcntr 2009/09/02 v1.0a change counter resetting
)
("C:\Program Files (x86)\MiKTeX 2.9\tex\latex\pdfpages\pdfpages.sty"
Package: pdfpages 2016/04/19 v0.5f Insert pages of external PDF documents (AM)

("C:\Program Files (x86)\MiKTeX 2.9\tex\latex\base\ifthen.sty"
Package: ifthen 2014/09/29 v1.1c Standard LaTeX ifthen package (DPC)
)
("C:\Program Files (x86)\MiKTeX 2.9\tex\latex\tools\calc.sty"
Package: calc 2014/10/28 v4.3 Infix arithmetic (KKT,FJ)
\calc@Acount=\count93
\calc@Bcount=\count94
\calc@Adimen=\dimen118
\calc@Bdimen=\dimen119
\calc@Askip=\skip43
\calc@Bskip=\skip44
LaTeX Info: Redefining \setlength on input line 80.
LaTeX Info: Redefining \addtolength on input line 81.
\calc@Ccount=\count95
\calc@Cskip=\skip45
)
("C:\Program Files (x86)\MiKTeX 2.9\tex\latex\eso-pic\eso-pic.sty"
Package: eso-pic 2015/07/21 v2.0g eso-pic (RN)

("C:\Program Files (x86)\MiKTeX 2.9\tex\generic\oberdiek\atbegshi.sty"
Package: atbegshi 2016/05/16 v1.17 At begin shipout hook (HO)

("C:\Program Files (x86)\MiKTeX 2.9\tex\generic\oberdiek\ifpdf.sty"
Package: ifpdf 2016/05/14 v3.1 Provides the ifpdf switch
))
("C:\Program Files (x86)\MiKTeX 2.9\tex\latex\xcolor\xcolor.sty"
Package: xcolor 2016/05/11 v2.12 LaTeX color extensions (UK)

("C:\Program Files (x86)\MiKTeX 2.9\tex\latex\00miktex\color.cfg"
File: color.cfg 2016/01/02 v1.6 sample color configuration
)
Package xcolor Info: Driver file: pdftex.def on input line 225.
Package xcolor Info: Model `cmy' substituted by `cmy0' on input line 1348.
Package xcolor Info: Model `hsb' substituted by `rgb' on input line 1352.
Package xcolor Info: Model `RGB' extended on input line 1364.
Package xcolor Info: Model `HTML' substituted by `rgb' on input line 1366.
Package xcolor Info: Model `Hsb' substituted by `hsb' on input line 1367.
Package xcolor Info: Model `tHsb' substituted by `hsb' on input line 1368.
Package xcolor Info: Model `HSB' substituted by `hsb' on input line 1369.
Package xcolor Info: Model `Gray' substituted by `gray' on input line 1370.
Package xcolor Info: Model `wave' substituted by `hsb' on input line 1371.
))
\AM@pagewidth=\dimen120
\AM@pageheight=\dimen121

("C:\Program Files (x86)\MiKTeX 2.9\tex\latex\pdfpages\pppdftex.def"
File: pppdftex.def 2016/04/19 v0.5f Pdfpages driver for pdfTeX (AM)
)
\AM@pagebox=\box26
\AM@global@opts=\toks15
\AM@toc@title=\toks16
\c@AM@survey=\count96
\AM@templatesizebox=\box27
)
("C:\Program Files (x86)\MiKTeX 2.9\tex\latex\url\url.sty"
\Urlmuskip=\muskip10
Package: url 2013/09/16  ver 3.4  Verb mode for urls, etc.
)
("C:\Program Files (x86)\MiKTeX 2.9\tex\latex\tools\array.sty"
Package: array 2014/10/28 v2.4c Tabular extension package (FMi)
\col@sep=\dimen122
\extrarowheight=\dimen123
\NC@list=\toks17
\extratabsurround=\skip46
\backup@length=\skip47
)
("C:\Program Files (x86)\MiKTeX 2.9\tex\latex\caption\caption.sty"
Package: caption 2016/02/21 v3.3-144 Customizing captions (AR)

("C:\Program Files (x86)\MiKTeX 2.9\tex\latex\caption\caption3.sty"
Package: caption3 2016/05/22 v1.7-166 caption3 kernel (AR)
Package caption3 Info: TeX engine: e-TeX on input line 67.
\captionmargin=\dimen124
\captionmargin@=\dimen125
\captionwidth=\dimen126
\caption@tempdima=\dimen127
\caption@indent=\dimen128
\caption@parindent=\dimen129
\caption@hangindent=\dimen130
)
\c@ContinuedFloat=\count97
)
(bachelor.aux)
\openout1 = `bachelor.aux'.

LaTeX Font Info:    Checking defaults for OML/cmm/m/it on input line 12.
LaTeX Font Info:    ... okay on input line 12.
LaTeX Font Info:    Checking defaults for T1/cmr/m/n on input line 12.
LaTeX Font Info:    ... okay on input line 12.
LaTeX Font Info:    Checking defaults for OT1/cmr/m/n on input line 12.
LaTeX Font Info:    ... okay on input line 12.
LaTeX Font Info:    Checking defaults for OMS/cmsy/m/n on input line 12.
LaTeX Font Info:    ... okay on input line 12.
LaTeX Font Info:    Checking defaults for OMX/cmex/m/n on input line 12.
LaTeX Font Info:    ... okay on input line 12.
LaTeX Font Info:    Checking defaults for U/cmr/m/n on input line 12.
LaTeX Font Info:    ... okay on input line 12.

("C:\Program Files (x86)\MiKTeX 2.9\tex\context\base\supp-pdf.mkii"
[Loading MPS to PDF converter (version 2006.09.02).]
\scratchcounter=\count98
\scratchdimen=\dimen131
\scratchbox=\box28
\nofMPsegments=\count99
\nofMParguments=\count100
\everyMPshowfont=\toks18
\MPscratchCnt=\count101
\MPscratchDim=\dimen132
\MPnumerator=\count102
\makeMPintoPDFobject=\count103
\everyMPtoPDFconversion=\toks19
) ("C:\Program Files (x86)\MiKTeX 2.9\tex\generic\oberdiek\pdftexcmds.sty"
Package: pdftexcmds 2016/05/21 v0.22 Utility functions of pdfTeX for LuaTeX (HO
)

("C:\Program Files (x86)\MiKTeX 2.9\tex\generic\oberdiek\ifluatex.sty"
Package: ifluatex 2016/05/16 v1.4 Provides the ifluatex switch (HO)
Package ifluatex Info: LuaTeX not detected.
)
Package pdftexcmds Info: LuaTeX not detected.
Package pdftexcmds Info: \pdf@primitive is available.
Package pdftexcmds Info: \pdf@ifprimitive is available.
Package pdftexcmds Info: \pdfdraftmode found.
)
("C:\Program Files (x86)\MiKTeX 2.9\tex\latex\oberdiek\epstopdf-base.sty"
Package: epstopdf-base 2016/05/15 v2.6 Base part for package epstopdf

("C:\Program Files (x86)\MiKTeX 2.9\tex\latex\oberdiek\grfext.sty"
Package: grfext 2016/05/16 v1.2 Manage graphics extensions (HO)

("C:\Program Files (x86)\MiKTeX 2.9\tex\generic\oberdiek\kvdefinekeys.sty"
Package: kvdefinekeys 2016/05/16 v1.4 Define keys (HO)
))
("C:\Program Files (x86)\MiKTeX 2.9\tex\latex\oberdiek\kvoptions.sty"
Package: kvoptions 2016/05/16 v3.12 Key value format for package options (HO)

("C:\Program Files (x86)\MiKTeX 2.9\tex\generic\oberdiek\kvsetkeys.sty"
Package: kvsetkeys 2016/05/16 v1.17 Key value parser (HO)

("C:\Program Files (x86)\MiKTeX 2.9\tex\generic\oberdiek\etexcmds.sty"
Package: etexcmds 2016/05/16 v1.6 Avoid name clashes with e-TeX commands (HO)
Package etexcmds Info: Could not find \expanded.
(etexcmds)             That can mean that you are not using pdfTeX 1.50 or
(etexcmds)             that some package has redefined \expanded.
(etexcmds)             In the latter case, load this package earlier.
)))
Package grfext Info: Graphics extension search list:
(grfext)             [.png,.pdf,.jpg,.mps,.jpeg,.jbig2,.jb2,.PNG,.PDF,.JPG,.JPE
G,.JBIG2,.JB2,.eps]
(grfext)             \AppendGraphicsExtensions on input line 456.
)
\AtBeginShipoutBox=\box29

("C:\Program Files (x86)\MiKTeX 2.9\tex\latex\oberdiek\pdflscape.sty"
Package: pdflscape 2016/05/14 v0.11 Display of landscape pages in PDF (HO)

("C:\Program Files (x86)\MiKTeX 2.9\tex\latex\graphics\lscape.sty"
Package: lscape 2000/10/22 v3.01 Landscape Pages (DPC)
)
Package pdflscape Info: Auto-detected driver: pdftex on input line 81.

("C:\Program Files (x86)\MiKTeX 2.9\tex\generic\ifxetex\ifxetex.sty"
Package: ifxetex 2010/09/12 v0.6 Provides ifxetex conditional
))
Package caption Info: Begin \AtBeginDocument code.
Package caption Info: End \AtBeginDocument code.

<Logo-Universitaet_des_Saarlandes.pdf, id=1, 417.56pt x 168.63pt>
File: Logo-Universitaet_des_Saarlandes.pdf Graphic file (type pdf)

<use Logo-Universitaet_des_Saarlandes.pdf>
Package pdftex.def Info: Logo-Universitaet_des_Saarlandes.pdf used on input lin
e 32.
(pdftex.def)             Requested size: 142.26378pt x 57.4518pt.
LaTeX Font Info:    External font `cmex10' loaded for size
(Font)              <10.95> on input line 54.
LaTeX Font Info:    External font `cmex10' loaded for size
(Font)              <8> on input line 54.
LaTeX Font Info:    External font `cmex10' loaded for size
(Font)              <6> on input line 54.

Overfull \hbox (17.0pt too wide) in paragraph at lines 28--55
[]$[]$ 
 []

[1


{C:/ProgramData/MiKTeX/2.9/pdftex/config/pdftex.map} <./Logo-Universitaet_des_S
aarlandes.pdf>] [1] [2] [3] [4] [5] [6] [7] (bachelor.toc)
\tf@toc=\write3
\openout3 = `bachelor.toc'.

 [8

]
Chapter 1.

Overfull \hbox (5.0309pt too wide) in paragraph at lines 111--112
\OT1/cmr/m/n/10.95 miRNAs are small, non-coding RNAs that func-tion in the post
-transcriptional
 []


Overfull \hbox (1.3695pt too wide) in paragraph at lines 111--112
\OT1/cmr/m/n/10.95 reg-u-la-tion of gene ex-pres-sion, es-pe-cially con-cern-in
g gene si-lenc-ing. A miRNA
 []


Underfull \hbox (badness 10000) in paragraph at lines 111--112

 []


Overfull \hbox (11.01282pt too wide) in paragraph at lines 113--114
\OT1/cmr/m/n/10.95 [[]]. Af-ter pro-cess-ing of the ini-tial dou-ble stranded
 []


Underfull \hbox (badness 10000) in paragraph at lines 113--114

 []

[1


] <results/biogenesis.png, id=43, 501.875pt x 414.54875pt>
File: results/biogenesis.png Graphic file (type png)

<use results/biogenesis.png>
Package pdftex.def Info: results/biogenesis.png used on input line 117.
(pdftex.def)             Requested size: 225.84166pt x 186.54521pt.

Underfull \hbox (badness 10000) in paragraph at lines 122--123

 []


Underfull \hbox (badness 10000) in paragraph at lines 124--125

 []

[2 <./results/biogenesis.png>]
Underfull \hbox (badness 10000) in paragraph at lines 126--127

 []


Underfull \hbox (badness 10000) in paragraph at lines 128--129

 []

<results/seedmatching.png, id=48, 90.8193pt x 24.69225pt>
File: results/seedmatching.png Graphic file (type png)

<use results/seedmatching.png>
Package pdftex.def Info: results/seedmatching.png used on input line 133.
(pdftex.def)             Requested size: 254.29369pt x 69.13814pt.

Underfull \hbox (badness 10000) in paragraph at lines 138--139

 []

[3 <./results/seedmatching.png>]
<results/canonical_sites.png, id=52, 246.9225pt x 356.0803pt>
File: results/canonical_sites.png Graphic file (type png)

<use results/canonical_sites.png>
Package pdftex.def Info: results/canonical_sites.png used on input line 143.
(pdftex.def)             Requested size: 148.15462pt x 213.64983pt.

Underfull \hbox (badness 10000) in paragraph at lines 149--150

 []

[4 <./results/canonical_sites.png>]
Overfull \hbox (5.09166pt too wide) in paragraph at lines 153--155
\OT1/cmr/m/n/10.95 align-ment and se-quence com-ple-men-tar-ity play a role in 
this pro-cess, databases
 []

[5]
Chapter 2.

Underfull \hbox (badness 10000) in paragraph at lines 166--167

 []


Underfull \hbox (badness 10000) in paragraph at lines 168--169

 []


Underfull \hbox (badness 10000) in paragraph at lines 170--171

 []

[6

] <results/mirtarbase_scrot.png, id=66, 981.6675pt x 180.675pt>
File: results/mirtarbase_scrot.png Graphic file (type png)

<use results/mirtarbase_scrot.png>
Package pdftex.def Info: results/mirtarbase_scrot.png used on input line 174.
(pdftex.def)             Requested size: 360.0pt x 66.25597pt.

Overfull \hbox (23.23521pt too wide) in paragraph at lines 182--183
\OT1/cmr/m/n/10.95 quences to align those to the gene se-quence [[]].
 []


Underfull \hbox (badness 10000) in paragraph at lines 182--183

 []

<results/mirbase.png, id=67, 1005.00468pt x 179.92218pt>
File: results/mirbase.png Graphic file (type png)

<use results/mirbase.png>
Package pdftex.def Info: results/mirbase.png used on input line 187.
(pdftex.def)             Requested size: 360.0pt x 64.44797pt.

Underfull \hbox (badness 10000) in paragraph at lines 197--198

 []

[7 <./results/mirtarbase_scrot.png> <./results/mirbase.png>]
<results/ucsc.png, id=73, 612.78937pt x 112.92188pt>
File: results/ucsc.png Graphic file (type png)
 <use results/ucsc.png>
Package pdftex.def Info: results/ucsc.png used on input line 202.
(pdftex.def)             Requested size: 360.0pt x 66.339pt.

Overfull \hbox (2.65715pt too wide) in paragraph at lines 211--212
\OT1/cmr/m/n/10.95 For the align-ment of miRNA to the cor-re-spond-ing gene the
 re-spec-tive miRNA
 []


Underfull \hbox (badness 10000) in paragraph at lines 222--224

 []

[8 <./results/ucsc.png>]
Underfull \hbox (badness 10000) in paragraph at lines 225--226

 []


Underfull \hbox (badness 10000) in paragraph at lines 227--228

 []


Underfull \hbox (badness 10000) in paragraph at lines 229--230

 []


Underfull \hbox (badness 10000) in paragraph at lines 254--255

 []

[9]
Underfull \hbox (badness 10000) in paragraph at lines 256--258

 []


Underfull \hbox (badness 10000) in paragraph at lines 259--260

 []


Underfull \hbox (badness 10000) in paragraph at lines 261--262

 []

[10] [11]
Chapter 3.

Underfull \hbox (badness 10000) in paragraph at lines 274--275

 []


Underfull \hbox (badness 10000) in paragraph at lines 276--277

 []

[12

]
LaTeX Font Info:    External font `cmex10' loaded for size
(Font)              <9> on input line 284.
LaTeX Font Info:    External font `cmex10' loaded for size
(Font)              <5> on input line 284.

Underfull \hbox (badness 10000) in paragraph at lines 328--330

 []

[13] <results/plot_scores-4-4_thresh.png, id=96, 602.25pt x 451.6875pt>
File: results/plot_scores-4-4_thresh.png Graphic file (type png)

<use results/plot_scores-4-4_thresh.png>
Package pdftex.def Info: results/plot_scores-4-4_thresh.png used on input line 
334.
(pdftex.def)             Requested size: 168.62885pt x 126.47163pt.

<results/plot_scores5-3-8-2_thresh.png, id=97, 602.25pt x 451.6875pt>
File: results/plot_scores5-3-8-2_thresh.png Graphic file (type png)

<use results/plot_scores5-3-8-2_thresh.png>
Package pdftex.def Info: results/plot_scores5-3-8-2_thresh.png used on input li
ne 335.
(pdftex.def)             Requested size: 168.62885pt x 126.47163pt.

Underfull \hbox (badness 10000) in paragraph at lines 340--341

 []

[14 <./results/plot_scores-4-4_thresh.png> <./results/plot_scores5-3-8-2_thresh
.png>]
Underfull \hbox (badness 10000) in paragraph at lines 342--343

 []


Underfull \hbox (badness 10000) in paragraph at lines 344--345

 []

<results/compl1.pdf, id=103, 597.23125pt x 845.1575pt>
File: results/compl1.pdf Graphic file (type pdf)

<use results/compl1.pdf>
Package pdftex.def Info: results/compl1.pdf used on input line 350.
(pdftex.def)             Requested size: 447.92233pt x 633.86658pt.

Overfull \hbox (61.90292pt too wide) in paragraph at lines 349--351
[]  [] 
 []


LaTeX Warning: Float too large for page by 9.61357pt on input line 351.

<results/compl2.pdf, id=104, 597.23125pt x 845.1575pt>
File: results/compl2.pdf Graphic file (type pdf)

<use results/compl2.pdf>
Package pdftex.def Info: results/compl2.pdf used on input line 355.
(pdftex.def)             Requested size: 447.92233pt x 633.86658pt.

Overfull \hbox (61.90292pt too wide) in paragraph at lines 354--357
[]  []
 []


Underfull \hbox (badness 10000) in paragraph at lines 362--363

 []


Underfull \hbox (badness 10000) in paragraph at lines 364--365

 []

[15] [16 <./results/compl1.pdf>] [17 <./results/compl2.pdf>]
Underfull \hbox (badness 10000) in paragraph at lines 366--367

 []


Underfull \hbox (badness 10000) in paragraph at lines 368--369

 []


Underfull \hbox (badness 10000) in paragraph at lines 370--371

 []

[18] <results/curves1-2-2-1_new.png, id=204, 578.16pt x 433.62pt>
File: results/curves1-2-2-1_new.png Graphic file (type png)

<use results/curves1-2-2-1_new.png>
Package pdftex.def Info: results/curves1-2-2-1_new.png used on input line 374.
(pdftex.def)             Requested size: 173.44933pt x 130.087pt.

<results/curves5-4-6-4_new.png, id=205, 578.16pt x 433.62pt>
File: results/curves5-4-6-4_new.png Graphic file (type png)

<use results/curves5-4-6-4_new.png>
Package pdftex.def Info: results/curves5-4-6-4_new.png used on input line 375.
(pdftex.def)             Requested size: 173.44933pt x 130.087pt.

<results/curves-5-1_new.png, id=206, 578.16pt x 433.62pt>
File: results/curves-5-1_new.png Graphic file (type png)

<use results/curves-5-1_new.png>
Package pdftex.def Info: results/curves-5-1_new.png used on input line 376.
(pdftex.def)             Requested size: 173.44933pt x 130.087pt.

<results/ratio_table2.pdf, id=207, 597.23125pt x 845.1575pt>
File: results/ratio_table2.pdf Graphic file (type pdf)

<use results/ratio_table2.pdf>
Package pdftex.def Info: results/ratio_table2.pdf used on input line 384.
(pdftex.def)             Requested size: 465.8385pt x 659.2202pt.

Overfull \hbox (79.81909pt too wide) in paragraph at lines 383--386
[]  []
 []


LaTeX Warning: Float too large for page by 9.81624pt on input line 388.


Underfull \hbox (badness 10000) in paragraph at lines 392--393

 []

[19 <./results/curves1-2-2-1_new.png> <./results/curves5-4-6-4_new.png> <./resu
lts/curves-5-1_new.png>] [20 <./results/ratio_table2.pdf>]
Underfull \hbox (badness 10000) in paragraph at lines 394--395

 []


Overfull \hbox (5.23662pt too wide) in paragraph at lines 401--408
[][]
 []

[21]
Chapter 4.

Underfull \hbox (badness 10000) in paragraph at lines 426--427

 []


Underfull \hbox (badness 10000) in paragraph at lines 428--429

 []


Underfull \hbox (badness 10000) in paragraph at lines 430--431

 []

[22

]
Underfull \hbox (badness 10000) in paragraph at lines 432--433

 []


Underfull \hbox (badness 10000) in paragraph at lines 434--435

 []


Underfull \hbox (badness 10000) in paragraph at lines 436--437

 []


Underfull \hbox (badness 10000) in paragraph at lines 438--439

 []

[23]
Underfull \hbox (badness 10000) in paragraph at lines 440--441

 []

<results/site_3addi.png, id=239, 277.78781pt x 193.47281pt>
File: results/site_3addi.png Graphic file (type png)

<use results/site_3addi.png>
Package pdftex.def Info: results/site_3addi.png used on input line 445.
(pdftex.def)             Requested size: 194.45012pt x 135.43004pt.

Underfull \hbox (badness 10000) in paragraph at lines 450--451

 []


Underfull \hbox (badness 10000) in paragraph at lines 452--453

 []

[24 <./results/site_3addi.png>]
Underfull \hbox (badness 10000) in paragraph at lines 454--455

 []


Underfull \hbox (badness 10000) in paragraph at lines 456--457

 []

<results/additional_pairing.PNG, id=244, 972.63374pt x 201.00093pt>
File: results/additional_pairing.PNG Graphic file (type png)

<use results/additional_pairing.PNG>
Package pdftex.def Info: results/additional_pairing.PNG used on input line 460.

(pdftex.def)             Requested size: 389.0466pt x 80.39894pt.

Overfull \hbox (29.0466pt too wide) in paragraph at lines 460--461
 [][] 
 []

<results/sites_regulation.PNG, id=245, 262.73157pt x 248.42813pt>
File: results/sites_regulation.PNG Graphic file (type png)

<use results/sites_regulation.PNG>
Package pdftex.def Info: results/sites_regulation.PNG used on input line 467.
(pdftex.def)             Requested size: 157.64014pt x 149.05801pt.


LaTeX Warning: `h' float specifier changed to `ht'.

<results/sites_conserved.PNG, id=246, 243.15843pt x 199.49532pt>
File: results/sites_conserved.PNG Graphic file (type png)

<use results/sites_conserved.PNG>
Package pdftex.def Info: results/sites_conserved.PNG used on input line 474.
(pdftex.def)             Requested size: 158.0511pt x 129.67041pt.


LaTeX Warning: `h' float specifier changed to `ht'.

<results/site_efficacy.PNG, id=247, 450.18187pt x 182.93344pt>
File: results/site_efficacy.PNG Graphic file (type png)

<use results/site_efficacy.PNG>
Package pdftex.def Info: results/site_efficacy.PNG used on input line 481.
(pdftex.def)             Requested size: 315.12515pt x 128.05252pt.


LaTeX Warning: `h' float specifier changed to `ht'.


Underfull \hbox (badness 10000) in paragraph at lines 488--489

 []

[25 <./results/additional_pairing.PNG>]
Underfull \hbox (badness 10000) in paragraph at lines 490--491

 []

[26 <./results/sites_regulation.PNG> <./results/sites_conserved.PNG>]
<results/sites_8nt.PNG, id=257, 202.50656pt x 286.82156pt>
File: results/sites_8nt.PNG Graphic file (type png)

<use results/sites_8nt.PNG>
Package pdftex.def Info: results/sites_8nt.PNG used on input line 495.
(pdftex.def)             Requested size: 121.50485pt x 172.09425pt.

<results/sites_distance.PNG, id=258, 501.37312pt x 194.22563pt>
File: results/sites_distance.PNG Graphic file (type png)

<use results/sites_distance.PNG>
Package pdftex.def Info: results/sites_distance.PNG used on input line 502.
(pdftex.def)             Requested size: 325.88866pt x 126.24515pt.


LaTeX Warning: `h' float specifier changed to `ht'.


Underfull \hbox (badness 10000) in paragraph at lines 507--508

 []

<results/sites_orf.PNG, id=259, 453.19313pt x 188.95593pt>
File: results/sites_orf.PNG Graphic file (type png)

<use results/sites_orf.PNG>
Package pdftex.def Info: results/sites_orf.PNG used on input line 511.
(pdftex.def)             Requested size: 335.36458pt x 139.82806pt.
 [27 <./results/site_efficacy.PNG> <./results/sites_8nt.PNG>] <results/site_sto
p.PNG, id=265, 264.99pt x 212.29312pt>
File: results/site_stop.PNG Graphic file (type png)

<use results/site_stop.PNG>
Package pdftex.def Info: results/site_stop.PNG used on input line 518.
(pdftex.def)             Requested size: 158.99522pt x 127.37685pt.

Underfull \hbox (badness 10000) in paragraph at lines 525--526

 []

<results/tools.PNG, id=266, 702.37407pt x 350.05782pt>
File: results/tools.PNG Graphic file (type png)
 <use results/tools.PNG>
Package pdftex.def Info: results/tools.PNG used on input line 530.
(pdftex.def)             Requested size: 360.0pt x 179.42447pt.

[28 <./results/sites_distance.PNG> <./results/sites_orf.PNG>] [29 <./results/si
te_stop.PNG> <./results/tools.PNG>]
Chapter 5.

Underfull \hbox (badness 10000) in paragraph at lines 543--545

 []


Underfull \hbox (badness 10000) in paragraph at lines 546--547

 []


Underfull \hbox (badness 10000) in paragraph at lines 548--549

 []

[30

]
Overfull \hbox (4.11832pt too wide) in paragraph at lines 550--551
\OT1/cmr/m/n/10.95 ing sites and the amount of avail-able train-ing data [[]]. 

 []


Underfull \hbox (badness 10000) in paragraph at lines 550--551

 []


Underfull \hbox (badness 10000) in paragraph at lines 552--553

 []

(bachelor.bbl [31] [32

] [33]
Underfull \hbox (badness 1210) in paragraph at lines 152--155
[]\OT1/cmr/m/n/10.95 Macfarlane, L. A. and Mur-phy, P. R.
 []


Underfull \hbox (badness 1838) in paragraph at lines 177--180
\OT1/cmr/m/n/10.95 and Giegerich, R. (2004).  Fast and ef-fec-tive pre-dic-tion
 of mi-
 []

[34]) [35] (bachelor.lof)
\tf@lof=\write4
\openout4 = `bachelor.lof'.

 [36

] (bachelor.lot)
\tf@lot=\write5
\openout5 = `bachelor.lot'.

 [37

] (bachelor.aux) ) 
Here is how much of TeX's memory you used:
 4287 strings out of 493335
 66676 string characters out of 3136669
 137016 words of memory out of 3000000
 7725 multiletter control sequences out of 15000+200000
 10888 words of font info for 38 fonts, out of 3000000 for 9000
 1141 hyphenation exceptions out of 8191
 38i,12n,39p,2016b,328s stack positions out of 5000i,500n,10000p,200000b,50000s
<C:/Program Files (x86)/MiKTeX 2.9/fonts/type1/public/amsfont
s/cm/cmbx10.pfb><C:/Program Files (x86)/MiKTeX 2.9/fonts/type1/public/amsfonts/
cm/cmbx12.pfb><C:/Program Files (x86)/MiKTeX 2.9/fonts/type1/public/amsfonts/cm
/cmr10.pfb><C:/Program Files (x86)/MiKTeX 2.9/fonts/type1/public/amsfonts/cm/cm
r12.pfb><C:/Program Files (x86)/MiKTeX 2.9/fonts/type1/public/amsfonts/cm/cmr6.
pfb><C:/Program Files (x86)/MiKTeX 2.9/fonts/type1/public/amsfonts/cm/cmr8.pfb>
<C:/Program Files (x86)/MiKTeX 2.9/fonts/type1/public/amsfonts/cm/cmr9.pfb><C:/
Program Files (x86)/MiKTeX 2.9/fonts/type1/public/amsfonts/cm/cmti10.pfb><C:/Pr
ogram Files (x86)/MiKTeX 2.9/fonts/type1/public/amsfonts/cm/cmtt10.pfb>
Output written on bachelor.pdf (46 pages, 2048793 bytes).
PDF statistics:
 335 PDF objects out of 1000 (max. 8388607)
 0 named destinations out of 1000 (max. 500000)
 126 words of extra memory for PDF output out of 10000 (max. 10000000)

